2023-08-17 13:57:25|voc4cat.cli         |INFO    |Executing cmd: voc4cat transform --logfile publish/latest/voc4cat.log --join publish/latest/
2023-08-17 13:57:25|voc4cat.cli         |DEBUG   |Processing common options.
2023-08-17 13:57:25|voc4cat.transform   |DEBUG   |Transform subcommand started!
2023-08-17 13:57:25|voc4cat.transform   |DEBUG   |Processing rdf files in "publish/latest/voc4cat"
2023-08-17 13:57:26|voc4cat.transform   |INFO    |-> joined vocabulary into: publish/latest/voc4cat.ttl
2023-08-17 13:57:26|voc4cat.cli         |INFO    |Executing cmd: voc4cat docs --force --logfile publish/latest/voc4cat.log publish/latest/
2023-08-17 13:57:26|voc4cat.cli         |DEBUG   |Processing common options.
2023-08-17 13:57:26|voc4cat.docs        |DEBUG   |Docs subcommand started!
2023-08-17 13:57:26|voc4cat.docs        |DEBUG   |Processing "publish/latest/voc4cat.ttl"
2023-08-17 13:57:26|pylode.common       |DEBUG   |Application dir: /opt/hostedtoolcache/Python/3.11.4/x64/lib/python3.11/site-packages/pylode
2023-08-17 13:57:28|voc4cat.docs        |INFO    |-> built pyLODE documentation for publish/latest/voc4cat.ttl
2023-08-17 13:57:29|voc4cat.cli         |INFO    |Executing cmd: voc4cat convert --logfile publish/latest/voc4cat.log --template templates/voc4cat_template_043.xlsx publish/latest/
2023-08-17 13:57:29|voc4cat.cli         |DEBUG   |Processing common options.
2023-08-17 13:57:29|voc4cat.convert     |DEBUG   |Convert subcommand started!
2023-08-17 13:57:29|voc4cat.convert     |DEBUG   |Processing "publish/latest/voc4cat.ttl"
2023-08-17 13:57:29|voc4cat.convert     |INFO    |-> successfully converted to publish/latest/voc4cat.xlsx
2023-09-03 21:50:34|voc4cat.cli         |INFO    |Executing cmd: voc4cat transform --logfile publish/latest/voc4cat.log --join publish/latest/
2023-09-03 21:50:34|voc4cat.cli         |DEBUG   |Processing common options.
2023-09-03 21:50:34|voc4cat.transform   |DEBUG   |Transform subcommand started!
2023-09-03 21:50:34|voc4cat.transform   |DEBUG   |Processing rdf files in "publish/latest/voc4cat"
2023-09-03 21:50:34|voc4cat.transform   |INFO    |-> joined vocabulary into: publish/latest/voc4cat.ttl
2023-09-03 21:50:35|voc4cat.cli         |INFO    |Executing cmd: voc4cat docs --force --logfile publish/latest/voc4cat.log publish/latest/
2023-09-03 21:50:35|voc4cat.cli         |DEBUG   |Processing common options.
2023-09-03 21:50:35|voc4cat.docs        |DEBUG   |Docs subcommand started!
2023-09-03 21:50:35|voc4cat.docs        |DEBUG   |Processing "publish/latest/voc4cat.ttl"
2023-09-03 21:50:35|pylode.common       |DEBUG   |Application dir: /opt/hostedtoolcache/Python/3.11.4/x64/lib/python3.11/site-packages/pylode
2023-09-03 21:50:37|voc4cat.docs        |INFO    |-> built pyLODE documentation for publish/latest/voc4cat.ttl
2023-09-03 21:50:37|voc4cat.config      |DEBUG   |Config loaded from: idranges.toml
2023-09-03 21:50:37|voc4cat.gh_index    |DEBUG   |Running cmd: git -C . tag --list v[0-9]*-[0-9]*-[0-9]*
2023-09-03 21:50:37|voc4cat.gh_index    |DEBUG   |Cmd output: b'v2023-08-17\nv2023-09-03\n'
2023-09-03 21:50:37|voc4cat.gh_index    |DEBUG   |Repository name (from env.var): "voc4cat"
2023-09-03 21:50:37|voc4cat.gh_index    |DEBUG   |Adding tag "v2023-08-17" to index.html
2023-09-03 21:50:37|voc4cat.gh_index    |DEBUG   |Adding tag "v2023-09-03" to index.html
2023-09-03 21:50:37|voc4cat.cli         |INFO    |Executing cmd: voc4cat convert --logfile publish/latest/voc4cat.log --template templates/voc4cat_template_043.xlsx publish/latest/
2023-09-03 21:50:37|voc4cat.cli         |DEBUG   |Processing common options.
2023-09-03 21:50:37|voc4cat.convert     |DEBUG   |Convert subcommand started!
2023-09-03 21:50:37|voc4cat.convert     |DEBUG   |Processing "publish/latest/voc4cat.ttl"
2023-09-03 21:50:38|voc4cat.convert     |INFO    |-> successfully converted to publish/latest/voc4cat.xlsx
2023-09-03 21:50:38|voc4cat.utils       |DEBUG   |Adjusted table "concepts" in sheet "Concepts" from {A2:I20} to {A2:I181}.
2023-09-03 21:50:38|voc4cat.utils       |DEBUG   |Adjusted table "concept_relations" in sheet "Additional Concept Features" from {A2:F20} to {A2:F181}.
2023-09-03 21:50:38|voc4cat.utils       |DEBUG   |Adjusted table "prefixes" in sheet "Prefix Sheet" from {A1:B19} to {A1:B30}.
2023-09-03 21:56:42|voc4cat.cli         |INFO    |Executing cmd: voc4cat transform --logfile publish/latest/voc4cat.log --join publish/latest/
2023-09-03 21:56:42|voc4cat.cli         |DEBUG   |Processing common options.
2023-09-03 21:56:42|voc4cat.transform   |DEBUG   |Transform subcommand started!
2023-09-03 21:56:42|voc4cat.transform   |DEBUG   |Processing rdf files in "publish/latest/voc4cat"
2023-09-03 21:56:42|voc4cat.transform   |INFO    |-> joined vocabulary into: publish/latest/voc4cat.ttl
2023-09-03 21:56:43|voc4cat.cli         |INFO    |Executing cmd: voc4cat docs --force --logfile publish/latest/voc4cat.log publish/latest/
2023-09-03 21:56:43|voc4cat.cli         |DEBUG   |Processing common options.
2023-09-03 21:56:43|voc4cat.docs        |DEBUG   |Docs subcommand started!
2023-09-03 21:56:43|voc4cat.docs        |DEBUG   |Processing "publish/latest/voc4cat.ttl"
2023-09-03 21:56:43|pylode.common       |DEBUG   |Application dir: /opt/hostedtoolcache/Python/3.11.4/x64/lib/python3.11/site-packages/pylode
2023-09-03 21:56:45|voc4cat.docs        |INFO    |-> built pyLODE documentation for publish/latest/voc4cat.ttl
2023-09-03 21:56:45|voc4cat.config      |DEBUG   |Config loaded from: idranges.toml
2023-09-03 21:56:45|voc4cat.gh_index    |DEBUG   |Running cmd: git -C . tag --list v[0-9]*-[0-9]*-[0-9]*
2023-09-03 21:56:45|voc4cat.gh_index    |DEBUG   |Cmd output: b'v2023-08-17\nv2023-09-03\n'
2023-09-03 21:56:45|voc4cat.gh_index    |DEBUG   |Repository name (from env.var): "voc4cat"
2023-09-03 21:56:45|voc4cat.gh_index    |DEBUG   |Adding tag "v2023-08-17" to index.html
2023-09-03 21:56:45|voc4cat.gh_index    |DEBUG   |Adding tag "v2023-09-03" to index.html
2023-09-03 21:56:45|voc4cat.cli         |INFO    |Executing cmd: voc4cat convert --logfile publish/latest/voc4cat.log --template templates/voc4cat_template_043.xlsx publish/latest/
2023-09-03 21:56:45|voc4cat.cli         |DEBUG   |Processing common options.
2023-09-03 21:56:45|voc4cat.convert     |DEBUG   |Convert subcommand started!
2023-09-03 21:56:45|voc4cat.convert     |DEBUG   |Processing "publish/latest/voc4cat.ttl"
2023-09-03 21:56:46|voc4cat.convert     |INFO    |-> successfully converted to publish/latest/voc4cat.xlsx
2023-09-03 21:56:46|voc4cat.utils       |DEBUG   |Adjusted table "concepts" in sheet "Concepts" from {A2:I20} to {A2:I181}.
2023-09-03 21:56:46|voc4cat.utils       |DEBUG   |Adjusted table "concept_relations" in sheet "Additional Concept Features" from {A2:F20} to {A2:F181}.
2023-09-03 21:56:46|voc4cat.utils       |DEBUG   |Adjusted table "prefixes" in sheet "Prefix Sheet" from {A1:B19} to {A1:B30}.
2024-04-08 07:39:48|voc4cat.cli         |INFO    |Executing cmd: voc4cat transform --logfile publish/latest/voc4cat.log --join publish/latest/
2024-04-08 07:39:48|voc4cat.cli         |DEBUG   |Processing common options.
2024-04-08 07:39:48|voc4cat.transform   |DEBUG   |Transform subcommand started!
2024-04-08 07:39:48|voc4cat.transform   |DEBUG   |Processing rdf files in "publish/latest/voc4cat"
2024-04-08 07:39:48|voc4cat.transform   |INFO    |-> joined vocabulary into: publish/latest/voc4cat.ttl
2024-04-08 07:39:49|voc4cat.cli         |INFO    |Executing cmd: voc4cat docs --force --logfile publish/latest/voc4cat.log publish/latest/
2024-04-08 07:39:49|voc4cat.cli         |DEBUG   |Processing common options.
2024-04-08 07:39:49|voc4cat.docs        |DEBUG   |Docs subcommand started!
2024-04-08 07:39:49|voc4cat.docs        |DEBUG   |Processing "publish/latest/voc4cat.ttl"
2024-04-08 07:39:49|pylode.common       |DEBUG   |Application dir: /opt/hostedtoolcache/Python/3.11.8/x64/lib/python3.11/site-packages/pylode
2024-04-08 07:39:51|voc4cat.docs        |INFO    |-> built pyLODE documentation for publish/latest/voc4cat.ttl
2024-04-08 07:39:51|voc4cat.config      |DEBUG   |Config loaded from: idranges.toml
2024-04-08 07:39:51|voc4cat.gh_index    |DEBUG   |Running cmd: git -C . tag --list v[0-9]*-[0-9]*-[0-9]*
2024-04-08 07:39:51|voc4cat.gh_index    |DEBUG   |Cmd output: b'v2023-08-17\nv2023-09-03\nv2024-04-08\n'
2024-04-08 07:39:51|voc4cat.gh_index    |DEBUG   |Repository name (from env.var): "voc4cat"
2024-04-08 07:39:51|voc4cat.gh_index    |DEBUG   |Adding tag "v2023-08-17" to index.html
2024-04-08 07:39:51|voc4cat.gh_index    |DEBUG   |Adding tag "v2023-09-03" to index.html
2024-04-08 07:39:51|voc4cat.gh_index    |DEBUG   |Adding tag "v2024-04-08" to index.html
2024-04-08 07:39:52|voc4cat.cli         |INFO    |Executing cmd: voc4cat convert --logfile publish/latest/voc4cat.log --template templates/voc4cat_template_043.xlsx publish/latest/
2024-04-08 07:39:52|voc4cat.cli         |DEBUG   |Processing common options.
2024-04-08 07:39:52|voc4cat.convert     |DEBUG   |Convert subcommand started!
2024-04-08 07:39:52|voc4cat.convert     |DEBUG   |Processing "publish/latest/voc4cat.ttl"
2024-04-08 07:39:52|voc4cat.convert     |INFO    |-> successfully converted to publish/latest/voc4cat.xlsx
2024-04-08 07:39:52|voc4cat.utils       |DEBUG   |Adjusted table "concepts" in sheet "Concepts" from {A2:I20} to {A2:I288}.
2024-04-08 07:39:52|voc4cat.utils       |DEBUG   |Adjusted table "concept_relations" in sheet "Additional Concept Features" from {A2:F20} to {A2:F288}.
2024-04-08 07:39:52|voc4cat.utils       |DEBUG   |Adjusted table "prefixes" in sheet "Prefix Sheet" from {A1:B19} to {A1:B30}.
2024-04-08 07:39:53|voc4cat.cli         |INFO    |Executing cmd: voc4cat convert --logfile publish/latest/voc4cat.log --outputformat xml publish/latest/voc4cat.xlsx
2024-04-08 07:39:53|voc4cat.cli         |DEBUG   |Processing common options.
2024-04-08 07:39:53|voc4cat.convert     |DEBUG   |Convert subcommand started!
2024-04-08 07:39:53|voc4cat.convert     |DEBUG   |Processing "publish/latest/voc4cat.xlsx"
2024-04-08 07:39:53|voc4cat.convert     |INFO    |-> successfully converted to publish/latest/voc4cat.xml
2024-04-08 07:44:04|voc4cat.cli         |INFO    |Executing cmd: voc4cat transform --logfile publish/latest/voc4cat.log --join publish/latest/
2024-04-08 07:44:04|voc4cat.cli         |DEBUG   |Processing common options.
2024-04-08 07:44:04|voc4cat.transform   |DEBUG   |Transform subcommand started!
2024-04-08 07:44:04|voc4cat.transform   |DEBUG   |Processing rdf files in "publish/latest/voc4cat"
2024-04-08 07:44:04|voc4cat.transform   |INFO    |-> joined vocabulary into: publish/latest/voc4cat.ttl
2024-04-08 07:44:05|voc4cat.cli         |INFO    |Executing cmd: voc4cat docs --force --logfile publish/latest/voc4cat.log publish/latest/
2024-04-08 07:44:05|voc4cat.cli         |DEBUG   |Processing common options.
2024-04-08 07:44:05|voc4cat.docs        |DEBUG   |Docs subcommand started!
2024-04-08 07:44:05|voc4cat.docs        |DEBUG   |Processing "publish/latest/voc4cat.ttl"
2024-04-08 07:44:05|pylode.common       |DEBUG   |Application dir: /opt/hostedtoolcache/Python/3.11.8/x64/lib/python3.11/site-packages/pylode
2024-04-08 07:44:07|voc4cat.docs        |INFO    |-> built pyLODE documentation for publish/latest/voc4cat.ttl
2024-04-08 07:44:07|voc4cat.config      |DEBUG   |Config loaded from: idranges.toml
2024-04-08 07:44:07|voc4cat.gh_index    |DEBUG   |Running cmd: git -C . tag --list v[0-9]*-[0-9]*-[0-9]*
2024-04-08 07:44:07|voc4cat.gh_index    |DEBUG   |Cmd output: b'v2023-08-17\nv2023-09-03\nv2024-04-08\n'
2024-04-08 07:44:07|voc4cat.gh_index    |DEBUG   |Repository name (from env.var): "voc4cat"
2024-04-08 07:44:07|voc4cat.gh_index    |DEBUG   |Adding tag "v2023-08-17" to index.html
2024-04-08 07:44:07|voc4cat.gh_index    |DEBUG   |Adding tag "v2023-09-03" to index.html
2024-04-08 07:44:07|voc4cat.gh_index    |DEBUG   |Adding tag "v2024-04-08" to index.html
2024-04-08 07:44:08|voc4cat.cli         |INFO    |Executing cmd: voc4cat convert --logfile publish/latest/voc4cat.log --template templates/voc4cat_template_043.xlsx publish/latest/
2024-04-08 07:44:08|voc4cat.cli         |DEBUG   |Processing common options.
2024-04-08 07:44:08|voc4cat.convert     |DEBUG   |Convert subcommand started!
2024-04-08 07:44:08|voc4cat.convert     |DEBUG   |Processing "publish/latest/voc4cat.ttl"
2024-04-08 07:44:08|voc4cat.convert     |INFO    |-> successfully converted to publish/latest/voc4cat.xlsx
2024-04-08 07:44:08|voc4cat.utils       |DEBUG   |Adjusted table "concepts" in sheet "Concepts" from {A2:I20} to {A2:I288}.
2024-04-08 07:44:08|voc4cat.utils       |DEBUG   |Adjusted table "concept_relations" in sheet "Additional Concept Features" from {A2:F20} to {A2:F288}.
2024-04-08 07:44:08|voc4cat.utils       |DEBUG   |Adjusted table "prefixes" in sheet "Prefix Sheet" from {A1:B19} to {A1:B30}.
2024-04-08 07:44:09|voc4cat.cli         |INFO    |Executing cmd: voc4cat convert --logfile publish/latest/voc4cat.log --outputformat xml publish/latest/voc4cat.xlsx
2024-04-08 07:44:09|voc4cat.cli         |DEBUG   |Processing common options.
2024-04-08 07:44:09|voc4cat.convert     |DEBUG   |Convert subcommand started!
2024-04-08 07:44:09|voc4cat.convert     |DEBUG   |Processing "publish/latest/voc4cat.xlsx"
2024-04-08 07:44:09|voc4cat.convert     |INFO    |-> successfully converted to publish/latest/voc4cat.xml
2024-12-17 15:52:25|voc4cat.cli         |INFO    |Executing cmd: voc4cat transform --logfile publish/latest/voc4cat.log --join publish/latest/
2024-12-17 15:52:25|voc4cat.cli         |DEBUG   |Processing common options.
2024-12-17 15:52:25|voc4cat.transform   |DEBUG   |Transform subcommand started!
2024-12-17 15:52:25|voc4cat.transform   |DEBUG   |Processing rdf files in "publish/latest/voc4cat"
2024-12-17 15:52:25|voc4cat.transform   |INFO    |-> joined vocabulary into: publish/latest/voc4cat.ttl
2024-12-17 15:52:26|voc4cat.cli         |INFO    |Executing cmd: voc4cat docs --force --logfile publish/latest/voc4cat.log publish/latest/
2024-12-17 15:52:26|voc4cat.cli         |DEBUG   |Processing common options.
2024-12-17 15:52:26|voc4cat.docs        |DEBUG   |Docs subcommand started!
2024-12-17 15:52:26|voc4cat.docs        |DEBUG   |Processing "publish/latest/voc4cat.ttl"
2024-12-17 15:52:26|pylode.common       |DEBUG   |Application dir: /opt/hostedtoolcache/Python/3.12.8/x64/lib/python3.12/site-packages/pylode
2024-12-17 15:52:29|voc4cat.docs        |INFO    |-> built pyLODE documentation for publish/latest/voc4cat.ttl
2024-12-17 15:52:29|voc4cat.config      |DEBUG   |Config loaded from: idranges.toml
2024-12-17 15:52:29|voc4cat.gh_index    |DEBUG   |Running cmd: git -C . tag --list v[0-9]*-[0-9]*-[0-9]*
2024-12-17 15:52:29|voc4cat.gh_index    |DEBUG   |Cmd output: b'v2023-08-17\nv2023-09-03\nv2024-04-08\nv2024-12-17\n'
2024-12-17 15:52:29|voc4cat.gh_index    |DEBUG   |Repository name (from env.var): "voc4cat"
2024-12-17 15:52:29|voc4cat.gh_index    |DEBUG   |Adding tag "v2023-08-17" to index.html
2024-12-17 15:52:29|voc4cat.gh_index    |DEBUG   |Adding tag "v2023-09-03" to index.html
2024-12-17 15:52:29|voc4cat.gh_index    |DEBUG   |Adding tag "v2024-04-08" to index.html
2024-12-17 15:52:29|voc4cat.gh_index    |DEBUG   |Adding tag "v2024-12-17" to index.html
2024-12-17 15:52:30|voc4cat.cli         |INFO    |Executing cmd: voc4cat convert --logfile publish/latest/voc4cat.log --template templates/voc4cat_template_043.xlsx publish/latest/
2024-12-17 15:52:30|voc4cat.cli         |DEBUG   |Processing common options.
2024-12-17 15:52:30|voc4cat.convert     |DEBUG   |Convert subcommand started!
2024-12-17 15:52:30|voc4cat.convert     |DEBUG   |Processing "publish/latest/voc4cat.ttl"
2024-12-17 15:52:30|voc4cat.convert     |INFO    |-> successfully converted to publish/latest/voc4cat.xlsx
2024-12-17 15:52:31|voc4cat.utils       |DEBUG   |Adjusted table "concepts" in sheet "Concepts" from {A2:I20} to {A2:I310}.
2024-12-17 15:52:31|voc4cat.utils       |DEBUG   |Adjusted table "concept_relations" in sheet "Additional Concept Features" from {A2:F20} to {A2:F310}.
2024-12-17 15:52:31|voc4cat.utils       |DEBUG   |Adjusted table "prefixes" in sheet "Prefix Sheet" from {A1:B19} to {A1:B30}.
2024-12-17 15:52:31|voc4cat.cli         |INFO    |Executing cmd: voc4cat convert --logfile publish/latest/voc4cat.log --outputformat xml publish/latest/voc4cat.xlsx
2024-12-17 15:52:31|voc4cat.cli         |DEBUG   |Processing common options.
2024-12-17 15:52:31|voc4cat.convert     |DEBUG   |Convert subcommand started!
2024-12-17 15:52:31|voc4cat.convert     |DEBUG   |Processing "publish/latest/voc4cat.xlsx"
2024-12-17 15:52:32|voc4cat.convert     |INFO    |-> successfully converted to publish/latest/voc4cat.xml
2024-12-17 16:14:49|voc4cat.cli         |INFO    |Executing cmd: voc4cat transform --logfile publish/latest/voc4cat.log --join publish/latest/
2024-12-17 16:14:49|voc4cat.cli         |DEBUG   |Processing common options.
2024-12-17 16:14:49|voc4cat.transform   |DEBUG   |Transform subcommand started!
2024-12-17 16:14:49|voc4cat.transform   |DEBUG   |Processing rdf files in "publish/latest/voc4cat"
2024-12-17 16:14:50|voc4cat.transform   |INFO    |-> joined vocabulary into: publish/latest/voc4cat.ttl
2024-12-17 16:14:51|voc4cat.cli         |INFO    |Executing cmd: voc4cat docs --force --logfile publish/latest/voc4cat.log publish/latest/
2024-12-17 16:14:51|voc4cat.cli         |DEBUG   |Processing common options.
2024-12-17 16:14:51|voc4cat.docs        |DEBUG   |Docs subcommand started!
2024-12-17 16:14:51|voc4cat.docs        |DEBUG   |Processing "publish/latest/voc4cat.ttl"
2024-12-17 16:14:51|pylode.common       |DEBUG   |Application dir: /opt/hostedtoolcache/Python/3.12.8/x64/lib/python3.12/site-packages/pylode
2024-12-17 16:14:54|voc4cat.docs        |INFO    |-> built pyLODE documentation for publish/latest/voc4cat.ttl
2024-12-17 16:14:54|voc4cat.config      |DEBUG   |Config loaded from: idranges.toml
2024-12-17 16:14:54|voc4cat.gh_index    |DEBUG   |Running cmd: git -C . tag --list v[0-9]*-[0-9]*-[0-9]*
2024-12-17 16:14:54|voc4cat.gh_index    |DEBUG   |Cmd output: b'v2023-08-17\nv2023-09-03\nv2024-04-08\nv2024-12-17\n'
2024-12-17 16:14:54|voc4cat.gh_index    |DEBUG   |Repository name (from env.var): "voc4cat"
2024-12-17 16:14:54|voc4cat.gh_index    |DEBUG   |Adding tag "v2023-08-17" to index.html
2024-12-17 16:14:54|voc4cat.gh_index    |DEBUG   |Adding tag "v2023-09-03" to index.html
2024-12-17 16:14:54|voc4cat.gh_index    |DEBUG   |Adding tag "v2024-04-08" to index.html
2024-12-17 16:14:54|voc4cat.gh_index    |DEBUG   |Adding tag "v2024-12-17" to index.html
2024-12-17 16:14:55|voc4cat.cli         |INFO    |Executing cmd: voc4cat convert --logfile publish/latest/voc4cat.log --template templates/voc4cat_template_043.xlsx publish/latest/
2024-12-17 16:14:55|voc4cat.cli         |DEBUG   |Processing common options.
2024-12-17 16:14:55|voc4cat.convert     |DEBUG   |Convert subcommand started!
2024-12-17 16:14:55|voc4cat.convert     |DEBUG   |Processing "publish/latest/voc4cat.ttl"
2024-12-17 16:14:55|voc4cat.convert     |INFO    |-> successfully converted to publish/latest/voc4cat.xlsx
2024-12-17 16:14:55|voc4cat.utils       |DEBUG   |Adjusted table "concepts" in sheet "Concepts" from {A2:I20} to {A2:I310}.
2024-12-17 16:14:55|voc4cat.utils       |DEBUG   |Adjusted table "concept_relations" in sheet "Additional Concept Features" from {A2:F20} to {A2:F310}.
2024-12-17 16:14:55|voc4cat.utils       |DEBUG   |Adjusted table "prefixes" in sheet "Prefix Sheet" from {A1:B19} to {A1:B30}.
2024-12-17 16:14:56|voc4cat.cli         |INFO    |Executing cmd: voc4cat convert --logfile publish/latest/voc4cat.log --outputformat xml publish/latest/voc4cat.xlsx
2024-12-17 16:14:56|voc4cat.cli         |DEBUG   |Processing common options.
2024-12-17 16:14:56|voc4cat.convert     |DEBUG   |Convert subcommand started!
2024-12-17 16:14:56|voc4cat.convert     |DEBUG   |Processing "publish/latest/voc4cat.xlsx"
2024-12-17 16:14:56|voc4cat.convert     |INFO    |-> successfully converted to publish/latest/voc4cat.xml
2025-05-22 08:44:51|voc4cat.cli         |INFO    |Executing cmd: voc4cat transform --logfile publish/latest/voc4cat.log --join publish/latest/
2025-05-22 08:44:51|voc4cat.cli         |DEBUG   |Processing common options.
2025-05-22 08:44:51|voc4cat.transform   |DEBUG   |Transform subcommand started!
2025-05-22 08:44:51|voc4cat.transform   |DEBUG   |Processing rdf files in "publish/latest/voc4cat"
2025-05-22 08:44:52|voc4cat.transform   |INFO    |-> joined vocabulary into: publish/latest/voc4cat.ttl
2025-05-22 08:44:53|voc4cat.cli         |INFO    |Executing cmd: voc4cat docs --force --logfile publish/latest/voc4cat.log publish/latest/
2025-05-22 08:44:53|voc4cat.cli         |DEBUG   |Processing common options.
2025-05-22 08:44:53|voc4cat.docs        |DEBUG   |Docs subcommand started!
2025-05-22 08:44:53|voc4cat.docs        |DEBUG   |Processing "publish/latest/voc4cat.ttl"
2025-05-22 08:44:57|voc4cat.docs        |INFO    |-> built pyLODE documentation for publish/latest/voc4cat.ttl
2025-05-22 08:44:57|voc4cat.config      |DEBUG   |Config loaded from: idranges.toml
2025-05-22 08:44:57|voc4cat.gh_index    |DEBUG   |Running cmd: git -C . tag --list v[0-9]*-[0-9]*-[0-9]*
2025-05-22 08:44:57|voc4cat.gh_index    |DEBUG   |Cmd output: b'v2023-08-17\nv2023-09-03\nv2024-04-08\nv2024-12-17\nv2025-05-21\nv2025-05-22\n'
2025-05-22 08:44:57|voc4cat.gh_index    |DEBUG   |Repository name (from env.var): "voc4cat"
2025-05-22 08:44:57|voc4cat.gh_index    |DEBUG   |Adding tag "v2023-08-17" to index.html
2025-05-22 08:44:57|voc4cat.gh_index    |DEBUG   |Adding tag "v2023-09-03" to index.html
2025-05-22 08:44:57|voc4cat.gh_index    |DEBUG   |Adding tag "v2024-04-08" to index.html
2025-05-22 08:44:57|voc4cat.gh_index    |DEBUG   |Adding tag "v2024-12-17" to index.html
2025-05-22 08:44:57|voc4cat.gh_index    |DEBUG   |Adding tag "v2025-05-21" to index.html
2025-05-22 08:44:57|voc4cat.gh_index    |DEBUG   |Adding tag "v2025-05-22" to index.html
2025-05-22 08:44:58|voc4cat.cli         |INFO    |Executing cmd: voc4cat convert --config idranges.toml --logfile publish/latest/voc4cat.log --template templates/voc4cat_template_043.xlsx publish/latest/
2025-05-22 08:44:58|voc4cat.cli         |DEBUG   |Processing common options.
2025-05-22 08:44:58|voc4cat.config      |DEBUG   |Config loaded from: idranges.toml
2025-05-22 08:44:58|voc4cat.convert     |DEBUG   |Convert subcommand started!
2025-05-22 08:44:58|voc4cat.convert     |DEBUG   |Processing "publish/latest/voc4cat.ttl"
2025-05-22 08:44:58|voc4cat.checks      |DEBUG   |-> Validating ID range config for vocabulary "voc4cat".
2025-05-22 08:44:59|voc4cat.convert     |INFO    |-> successfully converted to publish/latest/voc4cat.xlsx
2025-05-22 08:44:59|voc4cat.utils       |DEBUG   |Adjusted table "concepts" in sheet "Concepts" from {A2:I4} to {A2:I481}.
2025-05-22 08:44:59|voc4cat.utils       |DEBUG   |Adjusted table "concept_relations" in sheet "Additional Concept Features" from {A2:F4} to {A2:F28}.
2025-05-22 08:44:59|voc4cat.utils       |DEBUG   |Adjusted table "collections" in sheet "Collections" from {A2:E4} to {A2:E28}.
2025-05-22 08:44:59|voc4cat.utils       |DEBUG   |Adjusted table "prefixes" in sheet "Prefix Sheet" from {A1:B3} to {A1:B31}.
2025-05-22 08:45:00|voc4cat.cli         |INFO    |Executing cmd: voc4cat convert --config idranges.toml --logfile publish/latest/voc4cat.log --outputformat xml publish/latest/voc4cat.xlsx
2025-05-22 08:45:00|voc4cat.cli         |DEBUG   |Processing common options.
2025-05-22 08:45:00|voc4cat.config      |DEBUG   |Config loaded from: idranges.toml
2025-05-22 08:45:00|voc4cat.convert     |DEBUG   |Convert subcommand started!
2025-05-22 08:45:00|voc4cat.convert     |DEBUG   |Processing "publish/latest/voc4cat.xlsx"
2025-05-22 08:45:00|voc4cat.checks      |DEBUG   |-> Validating ID range config for vocabulary "voc4cat".
2025-05-22 08:45:00|voc4cat.convert     |INFO    |-> successfully converted to publish/latest/voc4cat.xml
2025-05-22 09:05:01|voc4cat.cli         |INFO    |Executing cmd: voc4cat transform --logfile publish/latest/voc4cat.log --join publish/latest/
2025-05-22 09:05:01|voc4cat.cli         |DEBUG   |Processing common options.
2025-05-22 09:05:01|voc4cat.transform   |DEBUG   |Transform subcommand started!
2025-05-22 09:05:01|voc4cat.transform   |DEBUG   |Processing rdf files in "publish/latest/voc4cat"
2025-05-22 09:05:02|voc4cat.transform   |INFO    |-> joined vocabulary into: publish/latest/voc4cat.ttl
2025-05-22 09:05:03|voc4cat.cli         |INFO    |Executing cmd: voc4cat docs --force --logfile publish/latest/voc4cat.log publish/latest/
2025-05-22 09:05:03|voc4cat.cli         |DEBUG   |Processing common options.
2025-05-22 09:05:03|voc4cat.docs        |DEBUG   |Docs subcommand started!
2025-05-22 09:05:03|voc4cat.docs        |DEBUG   |Processing "publish/latest/voc4cat.ttl"
2025-05-22 09:05:08|voc4cat.docs        |INFO    |-> built pyLODE documentation for publish/latest/voc4cat.ttl
2025-05-22 09:05:08|voc4cat.config      |DEBUG   |Config loaded from: idranges.toml
2025-05-22 09:05:08|voc4cat.gh_index    |DEBUG   |Running cmd: git -C . tag --list v[0-9]*-[0-9]*-[0-9]*
2025-05-22 09:05:08|voc4cat.gh_index    |DEBUG   |Cmd output: b'v2023-08-17\nv2023-09-03\nv2024-04-08\nv2024-12-17\nv2025-05-21\nv2025-05-22\n'
2025-05-22 09:05:08|voc4cat.gh_index    |DEBUG   |Repository name (from env.var): "voc4cat"
2025-05-22 09:05:08|voc4cat.gh_index    |DEBUG   |Adding tag "v2023-08-17" to index.html
2025-05-22 09:05:08|voc4cat.gh_index    |DEBUG   |Adding tag "v2023-09-03" to index.html
2025-05-22 09:05:08|voc4cat.gh_index    |DEBUG   |Adding tag "v2024-04-08" to index.html
2025-05-22 09:05:08|voc4cat.gh_index    |DEBUG   |Adding tag "v2024-12-17" to index.html
2025-05-22 09:05:08|voc4cat.gh_index    |DEBUG   |Adding tag "v2025-05-21" to index.html
2025-05-22 09:05:08|voc4cat.gh_index    |DEBUG   |Adding tag "v2025-05-22" to index.html
2025-05-22 09:05:08|voc4cat.cli         |INFO    |Executing cmd: voc4cat convert --config idranges.toml --logfile publish/latest/voc4cat.log --template templates/voc4cat_template_043.xlsx publish/latest/
2025-05-22 09:05:08|voc4cat.cli         |DEBUG   |Processing common options.
2025-05-22 09:05:08|voc4cat.config      |DEBUG   |Config loaded from: idranges.toml
2025-05-22 09:05:08|voc4cat.convert     |DEBUG   |Convert subcommand started!
2025-05-22 09:05:08|voc4cat.convert     |DEBUG   |Processing "publish/latest/voc4cat.ttl"
2025-05-22 09:05:08|voc4cat.checks      |DEBUG   |-> Validating ID range config for vocabulary "voc4cat".
2025-05-22 09:05:09|voc4cat.convert     |INFO    |-> successfully converted to publish/latest/voc4cat.xlsx
2025-05-22 09:05:09|voc4cat.utils       |DEBUG   |Adjusted table "concepts" in sheet "Concepts" from {A2:I4} to {A2:I481}.
2025-05-22 09:05:09|voc4cat.utils       |DEBUG   |Adjusted table "concept_relations" in sheet "Additional Concept Features" from {A2:F4} to {A2:F28}.
2025-05-22 09:05:09|voc4cat.utils       |DEBUG   |Adjusted table "collections" in sheet "Collections" from {A2:E4} to {A2:E28}.
2025-05-22 09:05:09|voc4cat.utils       |DEBUG   |Adjusted table "prefixes" in sheet "Prefix Sheet" from {A1:B3} to {A1:B31}.
2025-05-22 09:05:10|voc4cat.cli         |INFO    |Executing cmd: voc4cat convert --config idranges.toml --logfile publish/latest/voc4cat.log --outputformat xml publish/latest/voc4cat.xlsx
2025-05-22 09:05:10|voc4cat.cli         |DEBUG   |Processing common options.
2025-05-22 09:05:10|voc4cat.config      |DEBUG   |Config loaded from: idranges.toml
2025-05-22 09:05:10|voc4cat.convert     |DEBUG   |Convert subcommand started!
2025-05-22 09:05:10|voc4cat.convert     |DEBUG   |Processing "publish/latest/voc4cat.xlsx"
2025-05-22 09:05:10|voc4cat.checks      |DEBUG   |-> Validating ID range config for vocabulary "voc4cat".
2025-05-22 09:05:11|voc4cat.convert     |INFO    |-> successfully converted to publish/latest/voc4cat.xml
2025-10-14 14:59:54|voc4cat.cli         |INFO    |Executing cmd: voc4cat transform --logfile publish/latest/voc4cat.log --join publish/latest/
2025-10-14 14:59:54|voc4cat.cli         |DEBUG   |Processing common options.
2025-10-14 14:59:54|voc4cat.transform   |DEBUG   |Transform subcommand started!
2025-10-14 14:59:54|voc4cat.transform   |DEBUG   |Processing rdf files in "publish/latest/voc4cat"
2025-10-14 14:59:54|voc4cat.transform   |INFO    |-> joined vocabulary into: publish/latest/voc4cat.ttl
2025-10-14 14:59:55|voc4cat.cli         |INFO    |Executing cmd: voc4cat docs --force --logfile publish/latest/voc4cat.log publish/latest/
2025-10-14 14:59:55|voc4cat.cli         |DEBUG   |Processing common options.
2025-10-14 14:59:55|voc4cat.docs        |DEBUG   |Docs subcommand started!
2025-10-14 14:59:55|voc4cat.docs        |DEBUG   |Processing "publish/latest/voc4cat.ttl"
2025-10-14 14:59:59|voc4cat.docs        |INFO    |-> built pyLODE documentation for publish/latest/voc4cat.ttl
2025-10-14 14:59:59|voc4cat.config      |DEBUG   |Config loaded from: idranges.toml
2025-10-14 14:59:59|voc4cat.gh_index    |DEBUG   |Running cmd: git -C . tag --list v[0-9]*-[0-9]*-[0-9]*
2025-10-14 14:59:59|voc4cat.gh_index    |DEBUG   |Cmd output: b'v2023-08-17\nv2023-09-03\nv2024-04-08\nv2024-12-17\nv2025-05-21\nv2025-05-22\nv2025-10-14\n'
2025-10-14 14:59:59|voc4cat.gh_index    |DEBUG   |Repository name (from env.var): "voc4cat"
2025-10-14 14:59:59|voc4cat.gh_index    |DEBUG   |Adding tag "v2023-08-17" to index.html
2025-10-14 14:59:59|voc4cat.gh_index    |DEBUG   |Adding tag "v2023-09-03" to index.html
2025-10-14 14:59:59|voc4cat.gh_index    |DEBUG   |Adding tag "v2024-04-08" to index.html
2025-10-14 14:59:59|voc4cat.gh_index    |DEBUG   |Adding tag "v2024-12-17" to index.html
2025-10-14 14:59:59|voc4cat.gh_index    |DEBUG   |Adding tag "v2025-05-21" to index.html
2025-10-14 14:59:59|voc4cat.gh_index    |DEBUG   |Adding tag "v2025-05-22" to index.html
2025-10-14 14:59:59|voc4cat.gh_index    |DEBUG   |Adding tag "v2025-10-14" to index.html
2025-10-14 15:00:00|voc4cat.cli         |INFO    |Executing cmd: voc4cat convert --config idranges.toml --logfile publish/latest/voc4cat.log --template templates/voc4cat_template_043.xlsx publish/latest/
2025-10-14 15:00:00|voc4cat.cli         |DEBUG   |Processing common options.
2025-10-14 15:00:00|voc4cat.config      |DEBUG   |Config loaded from: idranges.toml
2025-10-14 15:00:00|voc4cat.convert     |DEBUG   |Convert subcommand started!
2025-10-14 15:00:00|voc4cat.convert     |DEBUG   |Processing "publish/latest/voc4cat.ttl"
2025-10-14 15:00:00|voc4cat.checks      |DEBUG   |-> Validating ID range config for vocabulary "voc4cat".
2025-10-14 15:00:00|voc4cat.convert     |INFO    |-> successfully converted to publish/latest/voc4cat.xlsx
2025-10-14 15:00:01|voc4cat.utils       |DEBUG   |Adjusted table "concepts" in sheet "Concepts" from {A2:I4} to {A2:I534}.
2025-10-14 15:00:01|voc4cat.utils       |DEBUG   |Adjusted table "concept_relations" in sheet "Additional Concept Features" from {A2:F4} to {A2:F28}.
2025-10-14 15:00:01|voc4cat.utils       |DEBUG   |Adjusted table "collections" in sheet "Collections" from {A2:E4} to {A2:E28}.
2025-10-14 15:00:01|voc4cat.utils       |DEBUG   |Adjusted table "prefixes" in sheet "Prefix Sheet" from {A1:B3} to {A1:B31}.
2025-10-14 15:00:02|voc4cat.cli         |INFO    |Executing cmd: voc4cat convert --config idranges.toml --logfile publish/latest/voc4cat.log --outputformat xml publish/latest/voc4cat.xlsx
2025-10-14 15:00:02|voc4cat.cli         |DEBUG   |Processing common options.
2025-10-14 15:00:02|voc4cat.config      |DEBUG   |Config loaded from: idranges.toml
2025-10-14 15:00:02|voc4cat.convert     |DEBUG   |Convert subcommand started!
2025-10-14 15:00:02|voc4cat.convert     |DEBUG   |Processing "publish/latest/voc4cat.xlsx"
2025-10-14 15:00:02|voc4cat.checks      |DEBUG   |-> Validating ID range config for vocabulary "voc4cat".
2025-10-14 15:00:02|voc4cat.convert     |INFO    |-> successfully converted to publish/latest/voc4cat.xml
2025-10-14 15:17:24|voc4cat.cli         |INFO    |Executing cmd: voc4cat transform --logfile publish/latest/voc4cat.log --join publish/latest/
2025-10-14 15:17:24|voc4cat.cli         |DEBUG   |Processing common options.
2025-10-14 15:17:24|voc4cat.transform   |DEBUG   |Transform subcommand started!
2025-10-14 15:17:24|voc4cat.transform   |DEBUG   |Processing rdf files in "publish/latest/voc4cat"
2025-10-14 15:17:24|voc4cat.transform   |INFO    |-> joined vocabulary into: publish/latest/voc4cat.ttl
2025-10-14 15:17:25|voc4cat.cli         |INFO    |Executing cmd: voc4cat docs --force --logfile publish/latest/voc4cat.log publish/latest/
2025-10-14 15:17:25|voc4cat.cli         |DEBUG   |Processing common options.
2025-10-14 15:17:25|voc4cat.docs        |DEBUG   |Docs subcommand started!
2025-10-14 15:17:25|voc4cat.docs        |DEBUG   |Processing "publish/latest/voc4cat.ttl"
2025-10-14 15:17:30|voc4cat.docs        |INFO    |-> built pyLODE documentation for publish/latest/voc4cat.ttl
2025-10-14 15:17:30|voc4cat.config      |DEBUG   |Config loaded from: idranges.toml
2025-10-14 15:17:30|voc4cat.gh_index    |DEBUG   |Running cmd: git -C . tag --list v[0-9]*-[0-9]*-[0-9]*
2025-10-14 15:17:30|voc4cat.gh_index    |DEBUG   |Cmd output: b'v2023-08-17\nv2023-09-03\nv2024-04-08\nv2024-12-17\nv2025-05-21\nv2025-05-22\nv2025-10-14\n'
2025-10-14 15:17:30|voc4cat.gh_index    |DEBUG   |Repository name (from env.var): "voc4cat"
2025-10-14 15:17:30|voc4cat.gh_index    |DEBUG   |Adding tag "v2023-08-17" to index.html
2025-10-14 15:17:30|voc4cat.gh_index    |DEBUG   |Adding tag "v2023-09-03" to index.html
2025-10-14 15:17:30|voc4cat.gh_index    |DEBUG   |Adding tag "v2024-04-08" to index.html
2025-10-14 15:17:30|voc4cat.gh_index    |DEBUG   |Adding tag "v2024-12-17" to index.html
2025-10-14 15:17:30|voc4cat.gh_index    |DEBUG   |Adding tag "v2025-05-21" to index.html
2025-10-14 15:17:30|voc4cat.gh_index    |DEBUG   |Adding tag "v2025-05-22" to index.html
2025-10-14 15:17:30|voc4cat.gh_index    |DEBUG   |Adding tag "v2025-10-14" to index.html
2025-10-14 15:17:31|voc4cat.cli         |INFO    |Executing cmd: voc4cat convert --config idranges.toml --logfile publish/latest/voc4cat.log --template templates/voc4cat_template_043.xlsx publish/latest/
2025-10-14 15:17:31|voc4cat.cli         |DEBUG   |Processing common options.
2025-10-14 15:17:31|voc4cat.config      |DEBUG   |Config loaded from: idranges.toml
2025-10-14 15:17:31|voc4cat.convert     |DEBUG   |Convert subcommand started!
2025-10-14 15:17:31|voc4cat.convert     |DEBUG   |Processing "publish/latest/voc4cat.ttl"
2025-10-14 15:17:31|voc4cat.checks      |DEBUG   |-> Validating ID range config for vocabulary "voc4cat".
2025-10-14 15:17:32|voc4cat.convert     |INFO    |-> successfully converted to publish/latest/voc4cat.xlsx
2025-10-14 15:17:32|voc4cat.utils       |DEBUG   |Adjusted table "concepts" in sheet "Concepts" from {A2:I4} to {A2:I534}.
2025-10-14 15:17:32|voc4cat.utils       |DEBUG   |Adjusted table "concept_relations" in sheet "Additional Concept Features" from {A2:F4} to {A2:F28}.
2025-10-14 15:17:32|voc4cat.utils       |DEBUG   |Adjusted table "collections" in sheet "Collections" from {A2:E4} to {A2:E28}.
2025-10-14 15:17:32|voc4cat.utils       |DEBUG   |Adjusted table "prefixes" in sheet "Prefix Sheet" from {A1:B3} to {A1:B31}.
2025-10-14 15:17:33|voc4cat.cli         |INFO    |Executing cmd: voc4cat convert --config idranges.toml --logfile publish/latest/voc4cat.log --outputformat xml publish/latest/voc4cat.xlsx
2025-10-14 15:17:33|voc4cat.cli         |DEBUG   |Processing common options.
2025-10-14 15:17:33|voc4cat.config      |DEBUG   |Config loaded from: idranges.toml
2025-10-14 15:17:33|voc4cat.convert     |DEBUG   |Convert subcommand started!
2025-10-14 15:17:33|voc4cat.convert     |DEBUG   |Processing "publish/latest/voc4cat.xlsx"
2025-10-14 15:17:33|voc4cat.checks      |DEBUG   |-> Validating ID range config for vocabulary "voc4cat".
2025-10-14 15:17:33|voc4cat.convert     |INFO    |-> successfully converted to publish/latest/voc4cat.xml
2026-02-24 21:18:00|voc4cat.cli         |INFO    |Executing cmd: voc4cat transform --join --config idranges.toml --logfile publish/latest/voc4cat.log publish/latest/
2026-02-24 21:18:00|voc4cat.cli         |DEBUG   |Processing common options.
2026-02-24 21:18:00|voc4cat.config      |DEBUG   |Config loaded from: idranges.toml
2026-02-24 21:18:00|voc4cat.transform   |DEBUG   |Transform subcommand started!
2026-02-24 21:18:00|voc4cat.transform   |DEBUG   |Processing rdf files in "publish/latest/voc4cat"
2026-02-24 21:18:01|voc4cat.transform   |INFO    |-> joined vocabulary into: publish/latest/voc4cat.ttl
2026-02-24 21:18:02|voc4cat.cli         |INFO    |Executing cmd: voc4cat docs --force --logfile publish/latest/voc4cat.log publish/latest/
2026-02-24 21:18:02|voc4cat.cli         |DEBUG   |Processing common options.
2026-02-24 21:18:02|voc4cat.docs        |DEBUG   |Docs subcommand started!
2026-02-24 21:18:02|voc4cat.docs        |DEBUG   |Processing "publish/latest/voc4cat.ttl"
2026-02-24 21:18:08|voc4cat.docs        |INFO    |-> built pyLODE documentation for publish/latest/voc4cat.ttl
2026-02-24 21:18:08|voc4cat.config      |DEBUG   |Config loaded from: idranges.toml
2026-02-24 21:18:08|voc4cat.gh_index    |DEBUG   |Running cmd: git -C . tag --list v[0-9]*-[0-9]*-[0-9]*
2026-02-24 21:18:08|voc4cat.gh_index    |DEBUG   |Cmd output: b'v2023-08-17\nv2023-09-03\nv2024-04-08\nv2024-12-17\nv2025-05-21\nv2025-05-22\nv2025-10-14\nv2026-02-24\n'
2026-02-24 21:18:08|voc4cat.gh_index    |DEBUG   |Repository name (from env.var): "voc4cat"
2026-02-24 21:18:08|voc4cat.gh_index    |DEBUG   |Adding tag "v2023-08-17" to index.html
2026-02-24 21:18:08|voc4cat.gh_index    |DEBUG   |Adding tag "v2023-09-03" to index.html
2026-02-24 21:18:08|voc4cat.gh_index    |DEBUG   |Adding tag "v2024-04-08" to index.html
2026-02-24 21:18:08|voc4cat.gh_index    |DEBUG   |Adding tag "v2024-12-17" to index.html
2026-02-24 21:18:08|voc4cat.gh_index    |DEBUG   |Adding tag "v2025-05-21" to index.html
2026-02-24 21:18:08|voc4cat.gh_index    |DEBUG   |Adding tag "v2025-05-22" to index.html
2026-02-24 21:18:08|voc4cat.gh_index    |DEBUG   |Adding tag "v2025-10-14" to index.html
2026-02-24 21:18:08|voc4cat.gh_index    |DEBUG   |Adding tag "v2026-02-24" to index.html
2026-02-24 21:18:08|voc4cat.cli         |INFO    |Executing cmd: voc4cat convert --config idranges.toml --logfile publish/latest/voc4cat.log --template templates/default_sheets.xlsx publish/latest/
2026-02-24 21:18:08|voc4cat.cli         |DEBUG   |Processing common options.
2026-02-24 21:18:08|voc4cat.config      |DEBUG   |Config loaded from: idranges.toml
2026-02-24 21:18:08|voc4cat.convert     |DEBUG   |Convert subcommand started!
2026-02-24 21:18:08|voc4cat.convert     |DEBUG   |Processing "publish/latest/voc4cat.ttl"
2026-02-24 21:18:08|voc4cat.convert_v1  |INFO    |Parsing RDF file: publish/latest/voc4cat.ttl
2026-02-24 21:18:08|voc4cat.convert_v1  |DEBUG   |Extracting concept scheme...
2026-02-24 21:18:08|voc4cat.convert_v1  |DEBUG   |Extracting concepts...
2026-02-24 21:18:08|voc4cat.convert_v1  |DEBUG   |Extracting collections...
2026-02-24 21:18:08|voc4cat.convert_v1  |DEBUG   |Extracting mappings...
2026-02-24 21:18:09|voc4cat.convert_v1  |DEBUG   |Building concept-to-collections map...
2026-02-24 21:18:09|voc4cat.convert_v1  |DEBUG   |Building concept-to-ordered-collections map...
2026-02-24 21:18:09|voc4cat.convert_v1  |DEBUG   |Building collection hierarchy map...
2026-02-24 21:18:09|voc4cat.convert_v1  |DEBUG   |Converting to v1.0 models...
2026-02-24 21:18:09|voc4cat.convert_v1  |DEBUG   |Using vocab config for ConceptScheme metadata (config overrides RDF).
2026-02-24 21:18:09|voc4cat.convert_v1  |DEBUG   |Building ID range info...
2026-02-24 21:18:09|voc4cat.convert_v1  |DEBUG   |Deriving contributors from ID range usage...
2026-02-24 21:18:09|voc4cat.convert_v1  |INFO    |Exporting to xlsx: publish/latest/voc4cat.xlsx
2026-02-24 21:18:09|voc4cat.convert_v1  |DEBUG   |Copied template from templates/default_sheets.xlsx to publish/latest/voc4cat.xlsx
2026-02-24 21:18:11|voc4cat.convert_v1  |INFO    |Conversion complete: publish/latest/voc4cat.xlsx
2026-02-24 21:18:11|voc4cat.convert     |INFO    |-> successfully converted to publish/latest/voc4cat.xlsx
2026-02-24 21:18:11|voc4cat.xlsx_common |DEBUG   |Adjusted table "Table_Concepts" in sheet "Concepts" from {A5:Q565} to {A5:Q585}.
2026-02-24 21:18:11|voc4cat.xlsx_common |DEBUG   |Adjusted table "Table_Collections" in sheet "Collections" from {A5:K11} to {A5:K21}.
2026-02-24 21:18:11|voc4cat.xlsx_common |DEBUG   |Adjusted table "Table_Mappings" in sheet "Mappings" from {A5:G23} to {A5:G38}.
2026-02-24 21:18:12|voc4cat.cli         |INFO    |Executing cmd: voc4cat convert --config idranges.toml --logfile publish/latest/voc4cat.log --outputformat xml publish/latest/voc4cat.xlsx
2026-02-24 21:18:12|voc4cat.cli         |DEBUG   |Processing common options.
2026-02-24 21:18:12|voc4cat.config      |DEBUG   |Config loaded from: idranges.toml
2026-02-24 21:18:12|voc4cat.convert     |DEBUG   |Convert subcommand started!
2026-02-24 21:18:12|voc4cat.convert     |DEBUG   |Processing "publish/latest/voc4cat.xlsx"
2026-02-24 21:18:12|voc4cat.convert_v1  |INFO    |Reading XLSX file: publish/latest/voc4cat.xlsx
2026-02-24 21:18:12|voc4cat.convert_v1  |DEBUG   |Reading Prefixes...
2026-02-24 21:18:12|voc4cat.convert_v1  |DEBUG   |Reading Concepts...
2026-02-24 21:18:12|voc4cat.convert_v1  |DEBUG   |Reading Collections...
2026-02-24 21:18:12|voc4cat.convert_v1  |DEBUG   |Reading Mappings...
2026-02-24 21:18:13|voc4cat.convert_v1  |DEBUG   |Aggregating concepts...
2026-02-24 21:18:13|voc4cat.convert_v1  |DEBUG   |Aggregating collections...
2026-02-24 21:18:13|voc4cat.convert_v1  |DEBUG   |Deriving contributors from ID range usage...
2026-02-24 21:18:13|voc4cat.convert_v1  |DEBUG   |Building inverse relationships...
2026-02-24 21:18:13|voc4cat.convert_v1  |DEBUG   |Building RDF graph...
2026-02-24 21:18:13|voc4cat.convert_v1  |INFO    |Built graph with 6425 triples
2026-02-24 21:18:13|voc4cat.convert_v1  |INFO    |Serializing to: publish/latest/voc4cat.xml
2026-02-24 21:18:13|voc4cat.convert_v1  |INFO    |Conversion complete: publish/latest/voc4cat.xml
2026-02-24 21:18:13|voc4cat.convert     |INFO    |-> successfully converted to publish/latest/voc4cat.xml
